Case #1: 319838403 319838403
Case #2: 715062585 794279542
Case #3: 149556166 176349646
Case #4: 914446682 326487736
Case #5: 1 0
Case #6: 839667341 31578719
Case #7: 568486330 666795455
Case #8: 228180963 73438287
Case #9: 931707689 601702223
Case #10: 763445604 37769293
Case #11: 1 0
Case #12: 275736028 844497257
Case #13: 640809903 497153305
Case #14: 424370264 960630947
Case #15: 837137729 227376481
Case #16: 65720917 812467623
Case #17: 380983406 319827269
Case #18: 616614881 718512182
Case #19: 1 1
Case #20: 70047606 591137401
