Case #1: 133343270 731343230
Case #2: 10 10
Case #3: 171598404 971158404
Case #4: 999999999 999999999
Case #5: 5 5
Case #6: 244558747 844554727
Case #7: 369689840 969684830
Case #8: 9099999 9999990
Case #9: 137407053 771403053
Case #10: 0 0
Case #11: 102155104 542151100
Case #12: 224585223 824535222
Case #13: 27954867 97654827
Case #14: 113877323 813177323
Case #15: 177185755 877715155
Case #16: 116793289 916793182
Case #17: 193698193 993698131
Case #18: 13524 51324
Case #19: 191917667 991617617
Case #20: 196888762 976888162
